<?xml version="1.0" encoding="UTF-8"?>
<!-- Generated by org.testng.reporters.JUnitReportReporter -->
<testsuite skipped="0" hostname="DESKTOP-VDML5CQ" name="actionclass.NewTestNGFile" tests="1" failures="0" timestamp="2019-09-14T18:03:34 IST" time="0.017" errors="0">
  <testcase name="f" time="0.017" classname="actionclass.NewTestNGFile"/>
</testsuite> <!-- actionclass.NewTestNGFile -->
